<?xml version="1.0" encoding="UTF-8"?>
<testsuite xmlns:xsi="http://www.w3.org/2001/XMLSchema-instance" xsi:noNamespaceSchemaLocation="https://maven.apache.org/surefire/maven-surefire-plugin/xsd/surefire-test-report-3.0.xsd" version="3.0" name="TestSuite" time="60.376" tests="3" errors="0" skipped="0" failures="0">
  <properties>
[...]
</properties>
  <testcase name="GetTotalLinksAndName" classname="com.selenium.webbrowser.v3.Test08MiscFunction" time="5.208">
    <system-out><![CDATA[==>44
1 Forgot password?==>https://www.facebook.com/recover/initiate/?privacy_mutation_token=eyJ0eXBlIjowLCJjcmVhdGlvbl90aW1lIjoxNzU0ODQ5MTc1LCJjYWxsc2l0ZV9pZCI6MzgxMjI5MDc5NTc1OTQ2fQ%3D%3D&ars=facebook_login&next
2 Create new account==>/r.php?entry_point=login
3 Create a Page==>/pages/create/?ref_type=registration_form
4 Español==>https://www.facebook.com/
5 Français (France)==>https://es-la.facebook.com/
6 中文(简体)==>https://fr-fr.facebook.com/
7 العربية==>https://zh-cn.facebook.com/
8 Português (Brasil)==>https://ar-ar.facebook.com/
9 Italiano==>https://pt-br.facebook.com/
10 한국어==>https://it-it.facebook.com/
11 Deutsch==>https://ko-kr.facebook.com/
12 हिन्दी==>https://de-de.facebook.com/
13 日本語==>https://hi-in.facebook.com/
14 Sign Up==>/reg/
15 Log In==>/login/
16 Messenger==>https://messenger.com/
17 Facebook Lite==>/lite/
18 Video==>https://www.facebook.com/watch/
19 Meta Pay==>https://about.meta.com/technologies/meta-pay
20 Meta Store==>https://www.meta.com/
21 Meta Quest==>https://www.meta.com/quest/
22 Ray-Ban Meta==>https://www.meta.com/smart-glasses/
23 Meta AI==>https://www.meta.ai/
24 Meta AI more content==>https://www.meta.ai/pages/what-is-labubu/?utm_source=foa_web_footer
25 Instagram==>https://l.facebook.com/l.php?u=https%3A%2F%2Fwww.instagram.com%2F&h=AT3va0dEpin39hc670MzxrehS2KzDclWTsnze40CqVMBStI8r4btomkJuMJLxhPRjslSbdLc68l9-5onps-kqDj352NfnfpROgaFQ-n98GmHqKP9bcuy-xBTziqpRWGUvZjVjYdCyGkyXrZtTJpfBg
26 Threads==>https://www.threads.com/
27 Voting Information Center==>/votinginformationcenter/?entry_point=c2l0ZQ%3D%3D
28 Privacy Policy==>/privacy/policy/?entry_point=facebook_page_footer
29 Consumer Health Privacy==>/privacy/policies/health/?entry_point=facebook_page_footer
30 Privacy Center==>/privacy/center/?entry_point=facebook_page_footer
31 About==>https://about.meta.com/
32 Create ad==>/ad_campaign/landing.php?placement=pflo&campaign_id=402047449186&nav_source=unknown&extra_1=auto
33 Create Page==>/pages/create/?ref_type=site_footer
34 Developers==>https://developers.facebook.com/?ref=pf
35 Careers==>/careers/?ref=pf
36 Cookies==>/policies/cookies/
37 Ad choices==>https://www.facebook.com/help/568137493302217
38 Terms==>/policies?ref=pf
39 Help==>/help/?ref=pf
40 Contact Uploading & Non-Users==>https://www.facebook.com/help/637205020878504
41 Settings==>/settings
42 Activity log==>/allactivity?privacy_source=activity_log_top_menu
]]></system-out>
    <system-err><![CDATA[SLF4J: Failed to load class "org.slf4j.impl.StaticLoggerBinder".
SLF4J: Defaulting to no-operation (NOP) logger implementation
SLF4J: See http://www.slf4j.org/codes.html#StaticLoggerBinder for further details.
Aug 10, 2025 6:06:06 PM org.openqa.selenium.manager.SeleniumManager lambda$runCommand$1
WARNING: Exception managing MicrosoftEdge: error sending request for url (https://msedgedriver.azureedge.net/LATEST_RELEASE_138_WINDOWS)
Aug 10, 2025 6:06:15 PM org.openqa.selenium.devtools.CdpVersionFinder findNearestMatch
WARNING: Unable to find CDP implementation matching 138
Aug 10, 2025 6:06:15 PM org.openqa.selenium.chromium.ChromiumDriver lambda$new$4
WARNING: Unable to find version of CDP to use for 138.0.3351.121. You may need to include a dependency on a specific version of the CDP using something similar to `org.seleniumhq.selenium:selenium-devtools-v86:4.29.0` where the version ("v86") matches the version of the chromium-based browser you're using and the version number of the artifact is the same as Selenium's.
]]></system-err>
  </testcase>
  <testcase name="miscFunct" classname="com.selenium.webbrowser.v3.Test08MiscFunction" time="0.986">
    <system-out><![CDATA[Current Url:- https://www.facebook.com/login/
Current page title:- Log into Facebook
Current window Number(handles):- 694A3146133BE64AAEBDC2E721A7D3A7
]]></system-out>
  </testcase>
  <testcase name="CheckBxAndRadioBtn" classname="com.selenium.webbrowser.v3.Test07CheckBxRadioBtn" time="35.769">
    <system-out><![CDATA[Every associated window is Closed
]]></system-out>
    <system-err><![CDATA[Aug 10, 2025 6:06:50 PM org.openqa.selenium.devtools.CdpVersionFinder findNearestMatch
WARNING: Unable to find CDP implementation matching 138
Aug 10, 2025 6:06:50 PM org.openqa.selenium.chromium.ChromiumDriver lambda$new$4
WARNING: Unable to find version of CDP to use for 138.0.7204.184. You may need to include a dependency on a specific version of the CDP using something similar to `org.seleniumhq.selenium:selenium-devtools-v86:4.29.0` where the version ("v86") matches the version of the chromium-based browser you're using and the version number of the artifact is the same as Selenium's.
]]></system-err>
  </testcase>
</testsuite>