<?xml version="1.0" encoding="UTF-8"?>
<!-- Generated by org.testng.reporters.JUnitReportReporter -->
<testsuite hostname="runnervm9tapx" failures="0" tests="2" name="com.selenium.webbrowser.v3.Test08MiscFunction" time="2.729" errors="0" timestamp="2026-02-05T22:33:00 UTC" skipped="0">
  <testcase classname="com.selenium.webbrowser.v3.Test08MiscFunction" name="miscFunct" time="0.451"/>
  <testcase classname="com.selenium.webbrowser.v3.Test08MiscFunction" name="GetTotalLinksAndName" time="2.278"/>
</testsuite> <!-- com.selenium.webbrowser.v3.Test08MiscFunction -->
