<?xml version="1.0" encoding="UTF-8"?>
<!-- Generated by org.testng.reporters.JUnitReportReporter -->
<testsuite hostname="runnervm1bl6g" failures="0" tests="2" name="com.selenium.webbrowser.v3.Test08MiscFunction" time="4.566" errors="0" timestamp="2026-01-20T02:11:56 UTC" skipped="0">
  <testcase classname="com.selenium.webbrowser.v3.Test08MiscFunction" name="miscFunct" time="0.498"/>
  <testcase classname="com.selenium.webbrowser.v3.Test08MiscFunction" name="GetTotalLinksAndName" time="4.068"/>
</testsuite> <!-- com.selenium.webbrowser.v3.Test08MiscFunction -->
