<?xml version="1.0" encoding="UTF-8"?>
<!-- Generated by org.testng.reporters.JUnitXMLReporter -->
<testsuite hostname="BijayaChhetri" ignored="0" name="Test" tests="8" failures="1" timestamp="07 Aug 2020 22:56:01 GMT" time="78.092" errors="0">
  <testcase name="facebook" time="19.842" classname="selPack.S01_facebookTest"/>
  <testcase name="test" time="0.019" classname="testNG.p03_Assert">
    <failure type="java.lang.AssertionError" message="expected [Facebook - Log In or Sign Up] but found [Facebook - Log In or Sign U]">
      <![CDATA[java.lang.AssertionError: expected [Facebook - Log In or Sign Up] but found [Facebook - Log In or Sign U]
	at testNG.p03_Assert.test(p03_Assert.java:33)
... Removed 31 stack frames]]>
    </failure>
  </testcase> <!-- test -->
  <testcase name="test2" time="0.041" classname="testNG.p03_Assert"/>
  <testcase name="test3" time="0.006" classname="testNG.p03_Assert"/>
  <testcase name="test2" time="0.551" classname="testNG.p01_AutomationDemo"/>
  <testcase name="test" time="0.579" classname="testNG.p04"/>
  <testcase name="testScript" time="0.001" classname="testNG.p02_QaClickAcademy"/>
  <testcase name="test" time="7.424" classname="testNG.p05"/>
</testsuite> <!-- Test -->
