<?xml version="1.0" encoding="UTF-8"?>
<testng-results skipped="0" failed="0" ignored="0" total="1" passed="1">
  <reporter-output>
  </reporter-output>
  <suite name="Default suite" duration-ms="6009" started-at="2020-08-17T03:51:31Z" finished-at="2020-08-17T03:51:37Z">
    <groups>
    </groups>
    <test name="Default test" duration-ms="6009" started-at="2020-08-17T03:51:31Z" finished-at="2020-08-17T03:51:37Z">
      <class name="testNG.zTemp">
        <test-method status="PASS" signature="initialize()[pri:0, instance:testNG.zTemp@8e0379d]" name="initialize" duration-ms="5998" started-at="2020-08-16T23:51:31Z" finished-at="2020-08-16T23:51:37Z">
          <reporter-output>
          </reporter-output>
        </test-method> <!-- initialize -->
      </class> <!-- testNG.zTemp -->
    </test> <!-- Default test -->
  </suite> <!-- Default suite -->
</testng-results>
